<?xml version="1.0" encoding="UTF-8"?>
<testsuite name="Academy Choucair" tests="1" skipped="1" failures="0" errors="0" timestamp="2023-09-06T20:49:39" hostname="DESKTOP-UCB9MFP" time="0.418">
  <properties/>
  <testcase name="Search for an automation course" classname="Academy Choucair" time="0.418">
    <skipped/>
  </testcase>
  <system-out><![CDATA[]]></system-out>
  <system-err><![CDATA[[Test worker] WARN net.thucydides.core.steps.BaseStepListener - stepStarted: net.thucydides.core.steps.ExecutedStepDescription@5f59185e
[Test worker] WARN net.thucydides.core.steps.BaseStepListener - stepFinished: current outcome:Search for an automation course:Given than Fabian wants to learn automation at the Academy Choucair
[Test worker] WARN net.thucydides.core.steps.BaseStepListener - stepStarted: net.thucydides.core.steps.ExecutedStepDescription@29b732a2
[Test worker] INFO net.thucydides.core.steps.ConsoleLoggingListener - TEST PENDING
[Test worker] WARN net.thucydides.core.steps.BaseStepListener - stepStarted: net.thucydides.core.steps.ExecutedStepDescription@30865a90
[Test worker] WARN net.thucydides.core.steps.BaseStepListener - testFinished: Search for an automation course:Given than Fabian wants to learn automation at the Academy Choucair, When he search for the course Guías Técnicas - Analista Funcional on the Choucair Academy platform, Then he finds the course called resources Cursos y Certificaciones
[Test worker] WARN net.thucydides.core.steps.BaseStepListener - TestOutcomes: [Search for an automation course:Given than Fabian wants to learn automation at the Academy Choucair, When he search for the course Guías Técnicas - Analista Funcional on the Choucair Academy platform, Then he finds the course called resources Cursos y Certificaciones]
[Test worker] WARN net.thucydides.core.steps.BaseStepListener - Final testOutcomes: [Search for an automation course:Given than Fabian wants to learn automation at the Academy Choucair, When he search for the course Guías Técnicas - Analista Funcional on the Choucair Academy platform, Then he finds the course called resources Cursos y Certificaciones]
[Test worker] INFO net.thucydides.core.steps.ConsoleLoggingListener - 
          __  _____ _____ ____ _____   ____  _____ _   _ ____ ___ _   _  ____ 
 _       / / |_   _| ____/ ___|_   _| |  _ \| ____| \ | |  _ \_ _| \ | |/ ___|
(_)____ / /    | | |  _| \___ \ | |   | |_) |  _| |  \| | | | | ||  \| | |  _ 
 |_____/ /     | | | |___ ___) || |   |  __/| |___| |\  | |_| | || |\  | |_| |
(_)   /_/      |_| |_____|____/ |_|   |_|   |_____|_| \_|____/___|_| \_|\____|
                                                                                

TEST PENDING: Search for an automation course
---------------------------------------------------------------------------------
]]></system-err>
</testsuite>
